Using pre-set license
Built from '2020.2/release' branch; Version is '2020.2.2f1 (068178b99f32) revision 426360'; Using compiler version '192528614'; Build Type 'Release'
OS: 'Windows 10 Pro; OS build 19045.4412; Version 2009; 64bit' Language: 'hu' Physical Memory: 16185 MB
BatchMode: 1, IsHumanControllingUs: 0, StartBugReporterOnCrash: 0, Is64bit: 1, IsPro: 0

 COMMAND LINE ARGUMENTS:
C:\Program Files\Unity\Hub\Editor\2020.2.2f1\Editor\Unity.exe
-adb2
-batchMode
-noUpm
-name
AssetImportWorker0
-projectPath
C:/Users/akost/Downloads/Russell's Restaurant
-logFile
Logs/AssetImportWorker0.log
-srvPort
52456
Successfully changed project path to: C:/Users/akost/Downloads/Russell's Restaurant
C:/Users/akost/Downloads/Russell's Restaurant
Using Asset Import Pipeline V2.
Refreshing native plugins compatible for Editor in 223.76 ms, found 0 plugins.
Preloading 0 native plugins for Editor in 0.00 ms.
Initialize engine version: 2020.2.2f1 (068178b99f32)
[Subsystems] Discovering subsystems at path C:/Program Files/Unity/Hub/Editor/2020.2.2f1/Editor/Data/Resources/UnitySubsystems
[Subsystems] Discovering subsystems at path C:/Users/akost/Downloads/Russell's Restaurant/Assets
GfxDevice: creating device client; threaded=0
Direct3D:
    Version:  Direct3D 11.0 [level 11.0]
    Renderer: NVIDIA Quadro K610M (ID=0x12b9)
    Vendor:   
    VRAM:     984 MB
    Driver:   25.21.14.2625
Initialize mono
Mono path[0] = 'C:/Program Files/Unity/Hub/Editor/2020.2.2f1/Editor/Data/Managed'
Mono path[1] = 'C:/Program Files/Unity/Hub/Editor/2020.2.2f1/Editor/Data/MonoBleedingEdge/lib/mono/unityjit'
Mono config path = 'C:/Program Files/Unity/Hub/Editor/2020.2.2f1/Editor/Data/MonoBleedingEdge/etc'
Using monoOptions --debugger-agent=transport=dt_socket,embedding=1,server=y,suspend=n,address=127.0.0.1:56320
Begin MonoManager ReloadAssembly
Registering precompiled unity dll's ...
Register platform support module: C:/Program Files/Unity/Hub/Editor/2020.2.2f1/Editor/Data/PlaybackEngines/WindowsStandaloneSupport/UnityEditor.WindowsStandalone.Extensions.dll
Registered in 0.298903 seconds.
Native extension for WindowsStandalone target not found
Refreshing native plugins compatible for Editor in 50.56 ms, found 0 plugins.
Preloading 0 native plugins for Editor in 0.00 ms.
Invoked RoslynAnalysisRunner static constructor.
RoslynAnalysisRunner will not be running.
RoslynAnalysisRunner has terminated.
Mono: successfully reloaded assembly
- Completed reload, in  6.956 seconds
Platform modules already initialized, skipping
Registering precompiled user dll's ...
Registered in 0.385286 seconds.
Begin MonoManager ReloadAssembly
Native extension for WindowsStandalone target not found
Refreshing native plugins compatible for Editor in 0.66 ms, found 0 plugins.
Preloading 0 native plugins for Editor in 0.00 ms.
Invoked RoslynAnalysisRunner static constructor.
RoslynAnalysisRunner will not be running.
RoslynAnalysisRunner has terminated.
Mono: successfully reloaded assembly
- Completed reload, in  5.052 seconds
Platform modules already initialized, skipping
========================================================================
Worker process is ready to serve import requests
Launched and connected shader compiler UnityShaderCompiler.exe after 0.10 seconds
Refreshing native plugins compatible for Editor in 0.60 ms, found 0 plugins.
Preloading 0 native plugins for Editor in 0.00 ms.
Unloading 1630 Unused Serialized files (Serialized files now loaded: 0)
System memory in use before: 84.4 MB.
System memory in use after: 84.5 MB.

Unloading 36 unused Assets to reduce memory usage. Loaded Objects now: 2064.
Total: 3.247400 ms (FindLiveObjects: 0.341100 ms CreateObjectMapping: 0.230600 ms MarkObjects: 2.560000 ms  DeleteObjects: 0.114400 ms)

========================================================================
Received Import Request.
  path: Assets/!Original/Icon 1.png
  artifactKey: Guid(53c1ab270fd62b3498594b08f900b7d4) Importer(815301076,1909f56bfc062723c751e8b465ee728b)
Start importing Assets/!Original/Icon 1.png using Guid(53c1ab270fd62b3498594b08f900b7d4) Importer(815301076,1909f56bfc062723c751e8b465ee728b)  -> (artifact id: '88589426e07e5d6fae21a642eb262aef') in 0.119500 seconds
  Import took 0.123781 seconds .

========================================================================
Received Import Request.
  Time since last request: 7.120210 seconds.
  path: Assets/!Original/iconSprite.png
  artifactKey: Guid(53c1ab270fd62b3498594b08f900b7d4) Importer(815301076,1909f56bfc062723c751e8b465ee728b)
Start importing Assets/!Original/iconSprite.png using Guid(53c1ab270fd62b3498594b08f900b7d4) Importer(815301076,1909f56bfc062723c751e8b465ee728b)  -> (artifact id: 'f558e133f94931f5777ff0f3a833ae8e') in 0.018464 seconds
  Import took 0.023376 seconds .

========================================================================
Received Import Request.
  Time since last request: 14.278132 seconds.
  path: Assets/!Original/iconSprite.png
  artifactKey: Guid(53c1ab270fd62b3498594b08f900b7d4) Importer(815301076,1909f56bfc062723c751e8b465ee728b)
Start importing Assets/!Original/iconSprite.png using Guid(53c1ab270fd62b3498594b08f900b7d4) Importer(815301076,1909f56bfc062723c751e8b465ee728b)  -> (artifact id: '0018bcb145c31427dc01ae58b6e97acd') in 0.061647 seconds
  Import took 0.065093 seconds .

========================================================================
Received Prepare
Refreshing native plugins compatible for Editor in 8.43 ms, found 0 plugins.
Preloading 0 native plugins for Editor in 0.00 ms.
Unloading 25 Unused Serialized files (Serialized files now loaded: 0)
System memory in use before: 54.4 MB.
System memory in use after: 54.6 MB.

Unloading 25 unused Assets to reduce memory usage. Loaded Objects now: 2070.
Total: 3.332700 ms (FindLiveObjects: 0.213100 ms CreateObjectMapping: 0.080400 ms MarkObjects: 3.014800 ms  DeleteObjects: 0.022900 ms)

AssetImportWorkerClient::OnTransportError - code=2 error=End of file
